<?xml version="1.0" encoding="UTF-8"?>
<testsuites>
  <testsuite name="" tests="118" assertions="709" errors="0" warnings="0" failures="0" skipped="0" time="6.373843">
    <testsuite name="Unit" tests="90" assertions="518" errors="0" warnings="0" failures="0" skipped="0" time="4.722837">
      <testsuite name="Tests\Unit\AdministratorControllerTest" file="/var/www/html/tests/Unit/AdministratorControllerTest.php" tests="17" assertions="119" errors="0" warnings="0" failures="0" skipped="0" time="1.518202">
        <testcase name="test_get_all_administrators" class="Tests\Unit\AdministratorControllerTest" classname="Tests.Unit.AdministratorControllerTest" file="/var/www/html/tests/Unit/AdministratorControllerTest.php" line="41" assertions="22" time="0.839716"/>
        <testcase name="test_get_all_administrators_with_empty_response" class="Tests\Unit\AdministratorControllerTest" classname="Tests.Unit.AdministratorControllerTest" file="/var/www/html/tests/Unit/AdministratorControllerTest.php" line="59" assertions="5" time="0.039853"/>
        <testcase name="test_get_a_administrator_by_id" class="Tests\Unit\AdministratorControllerTest" classname="Tests.Unit.AdministratorControllerTest" file="/var/www/html/tests/Unit/AdministratorControllerTest.php" line="79" assertions="22" time="0.039186"/>
        <testcase name="test_get_404_error_administrator_not_found" class="Tests\Unit\AdministratorControllerTest" classname="Tests.Unit.AdministratorControllerTest" file="/var/www/html/tests/Unit/AdministratorControllerTest.php" line="95" assertions="5" time="0.039335"/>
        <testcase name="test_get_500_error_administrator_show_method" class="Tests\Unit\AdministratorControllerTest" classname="Tests.Unit.AdministratorControllerTest" file="/var/www/html/tests/Unit/AdministratorControllerTest.php" line="115" assertions="5" time="0.044429"/>
        <testcase name="test_to_update_a_administrator" class="Tests\Unit\AdministratorControllerTest" classname="Tests.Unit.AdministratorControllerTest" file="/var/www/html/tests/Unit/AdministratorControllerTest.php" line="134" assertions="5" time="0.058662"/>
        <testcase name="test_to_check_on_update_if_really_a_administrator" class="Tests\Unit\AdministratorControllerTest" classname="Tests.Unit.AdministratorControllerTest" file="/var/www/html/tests/Unit/AdministratorControllerTest.php" line="157" assertions="5" time="0.039405"/>
        <testcase name="test_to_check_if_administrator_is_updated" class="Tests\Unit\AdministratorControllerTest" classname="Tests.Unit.AdministratorControllerTest" file="/var/www/html/tests/Unit/AdministratorControllerTest.php" line="180" assertions="5" time="0.044381"/>
        <testcase name="test_to_check_validation_on_updated" class="Tests\Unit\AdministratorControllerTest" classname="Tests.Unit.AdministratorControllerTest" file="/var/www/html/tests/Unit/AdministratorControllerTest.php" line="204" assertions="5" time="0.042998"/>
        <testcase name="test_to_delete_a_administrator" class="Tests\Unit\AdministratorControllerTest" classname="Tests.Unit.AdministratorControllerTest" file="/var/www/html/tests/Unit/AdministratorControllerTest.php" line="224" assertions="5" time="0.039720"/>
        <testcase name="test_to_delete_a_administrator_who_does_not_exist" class="Tests\Unit\AdministratorControllerTest" classname="Tests.Unit.AdministratorControllerTest" file="/var/www/html/tests/Unit/AdministratorControllerTest.php" line="244" assertions="5" time="0.037822"/>
        <testcase name="test_to_delete_a_user_who_does_not_exist" class="Tests\Unit\AdministratorControllerTest" classname="Tests.Unit.AdministratorControllerTest" file="/var/www/html/tests/Unit/AdministratorControllerTest.php" line="263" assertions="5" time="0.038333"/>
        <testcase name="test_to_check_if_administrator_already_deleted" class="Tests\Unit\AdministratorControllerTest" classname="Tests.Unit.AdministratorControllerTest" file="/var/www/html/tests/Unit/AdministratorControllerTest.php" line="281" assertions="5" time="0.041618"/>
        <testcase name="test_to_restore_a_user_who_does_not_exist" class="Tests\Unit\AdministratorControllerTest" classname="Tests.Unit.AdministratorControllerTest" file="/var/www/html/tests/Unit/AdministratorControllerTest.php" line="301" assertions="5" time="0.046277"/>
        <testcase name="test_to_restore_a_administrator_who_does_not_exist" class="Tests\Unit\AdministratorControllerTest" classname="Tests.Unit.AdministratorControllerTest" file="/var/www/html/tests/Unit/AdministratorControllerTest.php" line="319" assertions="5" time="0.041411"/>
        <testcase name="test_to_check_if_administrator_already_restored" class="Tests\Unit\AdministratorControllerTest" classname="Tests.Unit.AdministratorControllerTest" file="/var/www/html/tests/Unit/AdministratorControllerTest.php" line="338" assertions="5" time="0.040476"/>
        <testcase name="test_to_restore_a_administrator" class="Tests\Unit\AdministratorControllerTest" classname="Tests.Unit.AdministratorControllerTest" file="/var/www/html/tests/Unit/AdministratorControllerTest.php" line="358" assertions="5" time="0.044583"/>
      </testsuite>
      <testsuite name="AdministratorModelTest" file="/var/www/html/tests/Unit/AdministratorModelTest.php" tests="1" assertions="1" errors="0" warnings="0" failures="0" skipped="0" time="0.033494">
        <testcase name="test_administrator_model_exist" class="AdministratorModelTest" classname="AdministratorModelTest" file="/var/www/html/tests/Unit/AdministratorModelTest.php" line="16" assertions="1" time="0.033494"/>
      </testsuite>
      <testsuite name="Tests\Unit\BarathonienControllerTest" file="/var/www/html/tests/Unit/BarathonienControllerTest.php" tests="16" assertions="121" errors="0" warnings="0" failures="0" skipped="0" time="0.727470">
        <testcase name="test_get_all_barathoniens" class="Tests\Unit\BarathonienControllerTest" classname="Tests.Unit.BarathonienControllerTest" file="/var/www/html/tests/Unit/BarathonienControllerTest.php" line="44" assertions="26" time="0.038338"/>
        <testcase name="test_get_a_barathonien_by_id" class="Tests\Unit\BarathonienControllerTest" classname="Tests.Unit.BarathonienControllerTest" file="/var/www/html/tests/Unit/BarathonienControllerTest.php" line="81" assertions="25" time="0.040413"/>
        <testcase name="test_get_404_error_barathonien_not_found" class="Tests\Unit\BarathonienControllerTest" classname="Tests.Unit.BarathonienControllerTest" file="/var/www/html/tests/Unit/BarathonienControllerTest.php" line="96" assertions="5" time="0.041206"/>
        <testcase name="test_get_500_error_barathonien_show_method" class="Tests\Unit\BarathonienControllerTest" classname="Tests.Unit.BarathonienControllerTest" file="/var/www/html/tests/Unit/BarathonienControllerTest.php" line="117" assertions="5" time="0.040592"/>
        <testcase name="test_to_update_a_barathonien" class="Tests\Unit\BarathonienControllerTest" classname="Tests.Unit.BarathonienControllerTest" file="/var/www/html/tests/Unit/BarathonienControllerTest.php" line="137" assertions="5" time="0.049831"/>
        <testcase name="test_to_check_on_update_if_really_a_barathonien" class="Tests\Unit\BarathonienControllerTest" classname="Tests.Unit.BarathonienControllerTest" file="/var/www/html/tests/Unit/BarathonienControllerTest.php" line="162" assertions="5" time="0.039201"/>
        <testcase name="test_to_check_if_barathonien_is_updated" class="Tests\Unit\BarathonienControllerTest" classname="Tests.Unit.BarathonienControllerTest" file="/var/www/html/tests/Unit/BarathonienControllerTest.php" line="187" assertions="5" time="0.050628"/>
        <testcase name="test_to_check_validation_on_updated" class="Tests\Unit\BarathonienControllerTest" classname="Tests.Unit.BarathonienControllerTest" file="/var/www/html/tests/Unit/BarathonienControllerTest.php" line="214" assertions="5" time="0.049034"/>
        <testcase name="test_to_delete_a_barathonien" class="Tests\Unit\BarathonienControllerTest" classname="Tests.Unit.BarathonienControllerTest" file="/var/www/html/tests/Unit/BarathonienControllerTest.php" line="234" assertions="5" time="0.047340"/>
        <testcase name="test_to_delete_a_barathonien_who_does_not_exist" class="Tests\Unit\BarathonienControllerTest" classname="Tests.Unit.BarathonienControllerTest" file="/var/www/html/tests/Unit/BarathonienControllerTest.php" line="254" assertions="5" time="0.044208"/>
        <testcase name="test_to_delete_a_user_who_does_not_exist" class="Tests\Unit\BarathonienControllerTest" classname="Tests.Unit.BarathonienControllerTest" file="/var/www/html/tests/Unit/BarathonienControllerTest.php" line="273" assertions="5" time="0.044747"/>
        <testcase name="test_to_check_if_barathonien_already_deleted" class="Tests\Unit\BarathonienControllerTest" classname="Tests.Unit.BarathonienControllerTest" file="/var/www/html/tests/Unit/BarathonienControllerTest.php" line="291" assertions="5" time="0.044388"/>
        <testcase name="test_to_restore_a_user_who_does_not_exist" class="Tests\Unit\BarathonienControllerTest" classname="Tests.Unit.BarathonienControllerTest" file="/var/www/html/tests/Unit/BarathonienControllerTest.php" line="311" assertions="5" time="0.044847"/>
        <testcase name="test_to_restore_a_barathonien_who_does_not_exist" class="Tests\Unit\BarathonienControllerTest" classname="Tests.Unit.BarathonienControllerTest" file="/var/www/html/tests/Unit/BarathonienControllerTest.php" line="329" assertions="5" time="0.050983"/>
        <testcase name="test_to_check_if_barathonien_already_restored" class="Tests\Unit\BarathonienControllerTest" classname="Tests.Unit.BarathonienControllerTest" file="/var/www/html/tests/Unit/BarathonienControllerTest.php" line="348" assertions="5" time="0.042399"/>
        <testcase name="test_to_restore_a_barathonien" class="Tests\Unit\BarathonienControllerTest" classname="Tests.Unit.BarathonienControllerTest" file="/var/www/html/tests/Unit/BarathonienControllerTest.php" line="368" assertions="5" time="0.059316"/>
      </testsuite>
      <testsuite name="BarathonienModelTest" file="/var/www/html/tests/Unit/BarathonienModelTest.php" tests="1" assertions="1" errors="0" warnings="0" failures="0" skipped="0" time="0.037889">
        <testcase name="test_barathonien_model_exist" class="BarathonienModelTest" classname="BarathonienModelTest" file="/var/www/html/tests/Unit/BarathonienModelTest.php" line="16" assertions="1" time="0.037889"/>
      </testsuite>
      <testsuite name="Tests\Unit\BookingControllerTest" file="/var/www/html/tests/Unit/BookingControllerTest.php" tests="3" assertions="14" errors="0" warnings="0" failures="0" skipped="0" time="0.118162">
        <testcase name="test_example" class="Tests\Unit\BookingControllerTest" classname="Tests.Unit.BookingControllerTest" file="/var/www/html/tests/Unit/BookingControllerTest.php" line="17" assertions="1" time="0.036768"/>
        <testcase name="test_barathonien_can_create_book_an_event" class="Tests\Unit\BookingControllerTest" classname="Tests.Unit.BookingControllerTest" file="/var/www/html/tests/Unit/BookingControllerTest.php" line="24" assertions="9" time="0.039854"/>
        <testcase name="test_barathonien_can_delete_book_an_event" class="Tests\Unit\BookingControllerTest" classname="Tests.Unit.BookingControllerTest" file="/var/www/html/tests/Unit/BookingControllerTest.php" line="54" assertions="4" time="0.041541"/>
      </testsuite>
      <testsuite name="Tests\Unit\CategoryControllerTest" file="/var/www/html/tests/Unit/CategoryControllerTest.php" tests="1" assertions="5" errors="0" warnings="0" failures="0" skipped="0" time="0.038588">
        <testcase name="test_get_top_ten_categories" class="Tests\Unit\CategoryControllerTest" classname="Tests.Unit.CategoryControllerTest" file="/var/www/html/tests/Unit/CategoryControllerTest.php" line="18" assertions="5" time="0.038588"/>
      </testsuite>
      <testsuite name="CategoryModelTest" file="/var/www/html/tests/Unit/CategoryModelTest.php" tests="1" assertions="1" errors="0" warnings="0" failures="0" skipped="0" time="0.033940">
        <testcase name="test_category_model_exist" class="CategoryModelTest" classname="CategoryModelTest" file="/var/www/html/tests/Unit/CategoryModelTest.php" line="16" assertions="1" time="0.033940"/>
      </testsuite>
      <testsuite name="Category_establishmentModelTest" file="/var/www/html/tests/Unit/Category_establishmentModelTest.php" tests="1" assertions="1" errors="0" warnings="0" failures="0" skipped="0" time="0.036543">
        <testcase name="test_category_establishment_model_exist" class="Category_establishmentModelTest" classname="Category_establishmentModelTest" file="/var/www/html/tests/Unit/Category_establishmentModelTest.php" line="16" assertions="1" time="0.036543"/>
      </testsuite>
      <testsuite name="Tests\Unit\DatabaseTest" file="/var/www/html/tests/Unit/DatabaseTest.php" tests="10" assertions="10" errors="0" warnings="0" failures="0" skipped="0" time="0.380722">
        <testcase name="test_status_database_has_expected_columns" class="Tests\Unit\DatabaseTest" classname="Tests.Unit.DatabaseTest" file="/var/www/html/tests/Unit/DatabaseTest.php" line="17" assertions="1" time="0.040169"/>
        <testcase name="test_owners_database_has_expected_columns" class="Tests\Unit\DatabaseTest" classname="Tests.Unit.DatabaseTest" file="/var/www/html/tests/Unit/DatabaseTest.php" line="29" assertions="1" time="0.038980"/>
        <testcase name="test_employees_database_has_expected_columns" class="Tests\Unit\DatabaseTest" classname="Tests.Unit.DatabaseTest" file="/var/www/html/tests/Unit/DatabaseTest.php" line="41" assertions="1" time="0.036760"/>
        <testcase name="test_barathoniens_database_has_expected_columns" class="Tests\Unit\DatabaseTest" classname="Tests.Unit.DatabaseTest" file="/var/www/html/tests/Unit/DatabaseTest.php" line="53" assertions="1" time="0.037433"/>
        <testcase name="test_administrators_database_has_expected_columns" class="Tests\Unit\DatabaseTest" classname="Tests.Unit.DatabaseTest" file="/var/www/html/tests/Unit/DatabaseTest.php" line="65" assertions="1" time="0.037837"/>
        <testcase name="test_users_database_has_expected_columns" class="Tests\Unit\DatabaseTest" classname="Tests.Unit.DatabaseTest" file="/var/www/html/tests/Unit/DatabaseTest.php" line="77" assertions="1" time="0.037229"/>
        <testcase name="test_establishments_database_has_expected_columns" class="Tests\Unit\DatabaseTest" classname="Tests.Unit.DatabaseTest" file="/var/www/html/tests/Unit/DatabaseTest.php" line="89" assertions="1" time="0.037040"/>
        <testcase name="test_establishments_employees_database_has_expected_columns" class="Tests\Unit\DatabaseTest" classname="Tests.Unit.DatabaseTest" file="/var/www/html/tests/Unit/DatabaseTest.php" line="101" assertions="1" time="0.038127"/>
        <testcase name="test_categories_database_has_expected_columns" class="Tests\Unit\DatabaseTest" classname="Tests.Unit.DatabaseTest" file="/var/www/html/tests/Unit/DatabaseTest.php" line="113" assertions="1" time="0.039029"/>
        <testcase name="test_events_database_has_expected_columns" class="Tests\Unit\DatabaseTest" classname="Tests.Unit.DatabaseTest" file="/var/www/html/tests/Unit/DatabaseTest.php" line="125" assertions="1" time="0.038119"/>
      </testsuite>
      <testsuite name="Tests\Unit\EmployeeControllerTest" file="/var/www/html/tests/Unit/EmployeeControllerTest.php" tests="9" assertions="83" errors="0" warnings="0" failures="0" skipped="0" time="0.453189">
        <testcase name="test_get_all_employees" class="Tests\Unit\EmployeeControllerTest" classname="Tests.Unit.EmployeeControllerTest" file="/var/www/html/tests/Unit/EmployeeControllerTest.php" line="43" assertions="24" time="0.038631"/>
        <testcase name="test_get_an_employee_by_id" class="Tests\Unit\EmployeeControllerTest" classname="Tests.Unit.EmployeeControllerTest" file="/var/www/html/tests/Unit/EmployeeControllerTest.php" line="81" assertions="24" time="0.043149"/>
        <testcase name="test_get_500_error_employee_show_method" class="Tests\Unit\EmployeeControllerTest" classname="Tests.Unit.EmployeeControllerTest" file="/var/www/html/tests/Unit/EmployeeControllerTest.php" line="118" assertions="5" time="0.042327"/>
        <testcase name="test_to_check_validation_on_updated" class="Tests\Unit\EmployeeControllerTest" classname="Tests.Unit.EmployeeControllerTest" file="/var/www/html/tests/Unit/EmployeeControllerTest.php" line="207" assertions="5" time="0.041012"/>
        <testcase name="test_to_delete_an_employee" class="Tests\Unit\EmployeeControllerTest" classname="Tests.Unit.EmployeeControllerTest" file="/var/www/html/tests/Unit/EmployeeControllerTest.php" line="227" assertions="5" time="0.042004"/>
        <testcase name="test_to_delete_a_user_who_does_not_exist" class="Tests\Unit\EmployeeControllerTest" classname="Tests.Unit.EmployeeControllerTest" file="/var/www/html/tests/Unit/EmployeeControllerTest.php" line="266" assertions="5" time="0.053847"/>
        <testcase name="test_to_restore_a_user_who_does_not_exist" class="Tests\Unit\EmployeeControllerTest" classname="Tests.Unit.EmployeeControllerTest" file="/var/www/html/tests/Unit/EmployeeControllerTest.php" line="304" assertions="5" time="0.090245"/>
        <testcase name="test_to_check_if_employee_already_restored" class="Tests\Unit\EmployeeControllerTest" classname="Tests.Unit.EmployeeControllerTest" file="/var/www/html/tests/Unit/EmployeeControllerTest.php" line="341" assertions="5" time="0.054446"/>
        <testcase name="test_to_restore_a_employee" class="Tests\Unit\EmployeeControllerTest" classname="Tests.Unit.EmployeeControllerTest" file="/var/www/html/tests/Unit/EmployeeControllerTest.php" line="361" assertions="5" time="0.047527"/>
      </testsuite>
      <testsuite name="EmployeeModelTest" file="/var/www/html/tests/Unit/EmployeeModelTest.php" tests="1" assertions="1" errors="0" warnings="0" failures="0" skipped="0" time="0.043008">
        <testcase name="test_employee_model_exist" class="EmployeeModelTest" classname="EmployeeModelTest" file="/var/www/html/tests/Unit/EmployeeModelTest.php" line="16" assertions="1" time="0.043008"/>
      </testsuite>
      <testsuite name="EstablishmentModelTest" file="/var/www/html/tests/Unit/EstablishmentModelTest.php" tests="1" assertions="1" errors="0" warnings="0" failures="0" skipped="0" time="0.060675">
        <testcase name="test_establishment_model_exist" class="EstablishmentModelTest" classname="EstablishmentModelTest" file="/var/www/html/tests/Unit/EstablishmentModelTest.php" line="16" assertions="1" time="0.060675"/>
      </testsuite>
      <testsuite name="Establishment_EmployeeModelTest" file="/var/www/html/tests/Unit/Establishment_EmployeeModelTest.php" tests="1" assertions="1" errors="0" warnings="0" failures="0" skipped="0" time="0.049640">
        <testcase name="test_establishment_employee_model_exist" class="Establishment_EmployeeModelTest" classname="Establishment_EmployeeModelTest" file="/var/www/html/tests/Unit/Establishment_EmployeeModelTest.php" line="16" assertions="1" time="0.049640"/>
      </testsuite>
      <testsuite name="Tests\Unit\EventControllerTest" file="/var/www/html/tests/Unit/EventControllerTest.php" tests="6" assertions="28" errors="0" warnings="0" failures="0" skipped="0" time="0.326357">
        <testcase name="test_get_events_user_by_city" class="Tests\Unit\EventControllerTest" classname="Tests.Unit.EventControllerTest" file="/var/www/html/tests/Unit/EventControllerTest.php" line="16" assertions="5" time="0.064856"/>
        <testcase name="test_get_events_user_by_city_check_if_not_barathonien" class="Tests\Unit\EventControllerTest" classname="Tests.Unit.EventControllerTest" file="/var/www/html/tests/Unit/EventControllerTest.php" line="39" assertions="4" time="0.043220"/>
        <testcase name="test_get_events_book_by_user" class="Tests\Unit\EventControllerTest" classname="Tests.Unit.EventControllerTest" file="/var/www/html/tests/Unit/EventControllerTest.php" line="61" assertions="5" time="0.049293"/>
        <testcase name="test_get_events_book_by_user_check_if_not_barathonien" class="Tests\Unit\EventControllerTest" classname="Tests.Unit.EventControllerTest" file="/var/www/html/tests/Unit/EventControllerTest.php" line="84" assertions="4" time="0.042973"/>
        <testcase name="test_get_event_by_user_choice" class="Tests\Unit\EventControllerTest" classname="Tests.Unit.EventControllerTest" file="/var/www/html/tests/Unit/EventControllerTest.php" line="105" assertions="6" time="0.054648"/>
        <testcase name="test_get_event_by_user_choice_check_if_not_barathonien" class="Tests\Unit\EventControllerTest" classname="Tests.Unit.EventControllerTest" file="/var/www/html/tests/Unit/EventControllerTest.php" line="129" assertions="4" time="0.071366"/>
      </testsuite>
      <testsuite name="EventModelTest" file="/var/www/html/tests/Unit/EventModelTest.php" tests="1" assertions="1" errors="0" warnings="0" failures="0" skipped="0" time="0.051555">
        <testcase name="test_event_model_exist" class="EventModelTest" classname="EventModelTest" file="/var/www/html/tests/Unit/EventModelTest.php" line="16" assertions="1" time="0.051555"/>
      </testsuite>
      <testsuite name="Tests\Unit\OwnerControllerTest" file="/var/www/html/tests/Unit/OwnerControllerTest.php" tests="17" assertions="127" errors="0" warnings="0" failures="0" skipped="0" time="0.711744">
        <testcase name="test_get_all_owners" class="Tests\Unit\OwnerControllerTest" classname="Tests.Unit.OwnerControllerTest" file="/var/www/html/tests/Unit/OwnerControllerTest.php" line="45" assertions="26" time="0.042613"/>
        <testcase name="test_get_all_owners_with_empty_response" class="Tests\Unit\OwnerControllerTest" classname="Tests.Unit.OwnerControllerTest" file="/var/www/html/tests/Unit/OwnerControllerTest.php" line="62" assertions="5" time="0.047304"/>
        <testcase name="test_get_a_owner_by_id" class="Tests\Unit\OwnerControllerTest" classname="Tests.Unit.OwnerControllerTest" file="/var/www/html/tests/Unit/OwnerControllerTest.php" line="82" assertions="26" time="0.044695"/>
        <testcase name="test_get_404_error_owner_not_found" class="Tests\Unit\OwnerControllerTest" classname="Tests.Unit.OwnerControllerTest" file="/var/www/html/tests/Unit/OwnerControllerTest.php" line="98" assertions="5" time="0.039498"/>
        <testcase name="test_get_500_error_owner_show_method" class="Tests\Unit\OwnerControllerTest" classname="Tests.Unit.OwnerControllerTest" file="/var/www/html/tests/Unit/OwnerControllerTest.php" line="118" assertions="5" time="0.040578"/>
        <testcase name="test_to_update_a_owner" class="Tests\Unit\OwnerControllerTest" classname="Tests.Unit.OwnerControllerTest" file="/var/www/html/tests/Unit/OwnerControllerTest.php" line="137" assertions="5" time="0.050070"/>
        <testcase name="test_to_check_on_update_if_really_a_owner" class="Tests\Unit\OwnerControllerTest" classname="Tests.Unit.OwnerControllerTest" file="/var/www/html/tests/Unit/OwnerControllerTest.php" line="160" assertions="5" time="0.043814"/>
        <testcase name="test_to_check_if_owner_is_updated" class="Tests\Unit\OwnerControllerTest" classname="Tests.Unit.OwnerControllerTest" file="/var/www/html/tests/Unit/OwnerControllerTest.php" line="183" assertions="5" time="0.043636"/>
        <testcase name="test_to_check_validation_on_updated" class="Tests\Unit\OwnerControllerTest" classname="Tests.Unit.OwnerControllerTest" file="/var/www/html/tests/Unit/OwnerControllerTest.php" line="207" assertions="5" time="0.041895"/>
        <testcase name="test_to_delete_a_owner" class="Tests\Unit\OwnerControllerTest" classname="Tests.Unit.OwnerControllerTest" file="/var/www/html/tests/Unit/OwnerControllerTest.php" line="227" assertions="5" time="0.041220"/>
        <testcase name="test_to_delete_a_owner_who_does_not_exist" class="Tests\Unit\OwnerControllerTest" classname="Tests.Unit.OwnerControllerTest" file="/var/www/html/tests/Unit/OwnerControllerTest.php" line="247" assertions="5" time="0.038539"/>
        <testcase name="test_to_delete_a_user_who_does_not_exist" class="Tests\Unit\OwnerControllerTest" classname="Tests.Unit.OwnerControllerTest" file="/var/www/html/tests/Unit/OwnerControllerTest.php" line="266" assertions="5" time="0.038093"/>
        <testcase name="test_to_check_if_owner_already_deleted" class="Tests\Unit\OwnerControllerTest" classname="Tests.Unit.OwnerControllerTest" file="/var/www/html/tests/Unit/OwnerControllerTest.php" line="284" assertions="5" time="0.041351"/>
        <testcase name="test_to_restore_a_user_who_does_not_exist" class="Tests\Unit\OwnerControllerTest" classname="Tests.Unit.OwnerControllerTest" file="/var/www/html/tests/Unit/OwnerControllerTest.php" line="304" assertions="5" time="0.038027"/>
        <testcase name="test_to_restore_a_owner_who_does_not_exist" class="Tests\Unit\OwnerControllerTest" classname="Tests.Unit.OwnerControllerTest" file="/var/www/html/tests/Unit/OwnerControllerTest.php" line="322" assertions="5" time="0.037840"/>
        <testcase name="test_to_check_if_owner_already_restored" class="Tests\Unit\OwnerControllerTest" classname="Tests.Unit.OwnerControllerTest" file="/var/www/html/tests/Unit/OwnerControllerTest.php" line="341" assertions="5" time="0.040719"/>
        <testcase name="test_to_restore_a_owner" class="Tests\Unit\OwnerControllerTest" classname="Tests.Unit.OwnerControllerTest" file="/var/www/html/tests/Unit/OwnerControllerTest.php" line="361" assertions="5" time="0.041853"/>
      </testsuite>
      <testsuite name="OwnerModelTest" file="/var/www/html/tests/Unit/OwnerModelTest.php" tests="1" assertions="1" errors="0" warnings="0" failures="0" skipped="0" time="0.032956">
        <testcase name="test_owner_model_exist" class="OwnerModelTest" classname="OwnerModelTest" file="/var/www/html/tests/Unit/OwnerModelTest.php" line="17" assertions="1" time="0.032956"/>
      </testsuite>
      <testsuite name="StatusModelTest" file="/var/www/html/tests/Unit/StatusModelTest.php" tests="1" assertions="1" errors="0" warnings="0" failures="0" skipped="0" time="0.035472">
        <testcase name="test_status_model_exist" class="StatusModelTest" classname="StatusModelTest" file="/var/www/html/tests/Unit/StatusModelTest.php" line="16" assertions="1" time="0.035472"/>
      </testsuite>
      <testsuite name="UserModelTest" file="/var/www/html/tests/Unit/UserModelTest.php" tests="1" assertions="1" errors="0" warnings="0" failures="0" skipped="0" time="0.033232">
        <testcase name="test_user_model_exist" class="UserModelTest" classname="UserModelTest" file="/var/www/html/tests/Unit/UserModelTest.php" line="17" assertions="1" time="0.033232"/>
      </testsuite>
    </testsuite>
    <testsuite name="Feature" tests="28" assertions="191" errors="0" warnings="0" failures="0" skipped="0" time="1.651005">
      <testsuite name="Auth\LoginTest" file="/var/www/html/tests/Feature/Auth/LoginTest.php" tests="6" assertions="78" errors="0" warnings="0" failures="0" skipped="0" time="0.661459">
        <testcase name="test_admin_user_can_login_with_email_and_password" class="Auth\LoginTest" classname="Auth.LoginTest" file="/var/www/html/tests/Feature/Auth/LoginTest.php" line="15" assertions="19" time="0.050826"/>
        <testcase name="test_barathonien_user_can_login_with_email_and_password" class="Auth\LoginTest" classname="Auth.LoginTest" file="/var/www/html/tests/Feature/Auth/LoginTest.php" line="57" assertions="19" time="0.045986"/>
        <testcase name="test_owner_user_can_login_with_email_and_password" class="Auth\LoginTest" classname="Auth.LoginTest" file="/var/www/html/tests/Feature/Auth/LoginTest.php" line="98" assertions="19" time="0.042104"/>
        <testcase name="test_employee_user_can_login_with_email_and_password" class="Auth\LoginTest" classname="Auth.LoginTest" file="/var/www/html/tests/Feature/Auth/LoginTest.php" line="139" assertions="19" time="0.043604"/>
        <testcase name="test_if_user_email_is_not_available_then_it_return_error" class="Auth\LoginTest" classname="Auth.LoginTest" file="/var/www/html/tests/Feature/Auth/LoginTest.php" line="180" assertions="1" time="0.240485"/>
        <testcase name="test_if_user_with_wrong_password_return_error" class="Auth\LoginTest" classname="Auth.LoginTest" file="/var/www/html/tests/Feature/Auth/LoginTest.php" line="195" assertions="1" time="0.238454"/>
      </testsuite>
      <testsuite name="Auth\LogoutTest" file="/var/www/html/tests/Feature/Auth/LogoutTest.php" tests="2" assertions="6" errors="0" warnings="0" failures="0" skipped="0" time="0.107884">
        <testcase name="test_user_can_logout" class="Auth\LogoutTest" classname="Auth.LogoutTest" file="/var/www/html/tests/Feature/Auth/LogoutTest.php" line="16" assertions="5" time="0.048803"/>
        <testcase name="test_user_can_not_logout_without_token" class="Auth\LogoutTest" classname="Auth.LogoutTest" file="/var/www/html/tests/Feature/Auth/LogoutTest.php" line="53" assertions="1" time="0.059081"/>
      </testsuite>
      <testsuite name="Auth\RegisterAdministratorTest" file="/var/www/html/tests/Feature/Auth/RegisterAdministratorTest.php" tests="1" assertions="13" errors="0" warnings="0" failures="0" skipped="0" time="0.050921">
        <testcase name="test_administrator_can_register" class="Auth\RegisterAdministratorTest" classname="Auth.RegisterAdministratorTest" file="/var/www/html/tests/Feature/Auth/RegisterAdministratorTest.php" line="17" assertions="13" time="0.050921"/>
      </testsuite>
      <testsuite name="Auth\RegisterBarathonienTest" file="/var/www/html/tests/Feature/Auth/RegisterBarathonienTest.php" tests="9" assertions="30" errors="0" warnings="0" failures="0" skipped="0" time="0.413065">
        <testcase name="test_barathonien_can_register" class="Auth\RegisterBarathonienTest" classname="Auth.RegisterBarathonienTest" file="/var/www/html/tests/Feature/Auth/RegisterBarathonienTest.php" line="18" assertions="14" time="0.053825"/>
        <testcase name="test_barathonien_can_not_register_without_birthday" class="Auth\RegisterBarathonienTest" classname="Auth.RegisterBarathonienTest" file="/var/www/html/tests/Feature/Auth/RegisterBarathonienTest.php" line="60" assertions="2" time="0.048739"/>
        <testcase name="test_barathonien_can_not_register_without_birthday_bad_format" class="Auth\RegisterBarathonienTest" classname="Auth.RegisterBarathonienTest" file="/var/www/html/tests/Feature/Auth/RegisterBarathonienTest.php" line="83" assertions="2" time="0.049346"/>
        <testcase name="test_barathonien_can_not_register_if_minor" class="Auth\RegisterBarathonienTest" classname="Auth.RegisterBarathonienTest" file="/var/www/html/tests/Feature/Auth/RegisterBarathonienTest.php" line="107" assertions="2" time="0.047846"/>
        <testcase name="test_barathonien_can_not_register_without_address" class="Auth\RegisterBarathonienTest" classname="Auth.RegisterBarathonienTest" file="/var/www/html/tests/Feature/Auth/RegisterBarathonienTest.php" line="134" assertions="2" time="0.043883"/>
        <testcase name="test_barathonien_can_not_register_with_address_less_5_characters" class="Auth\RegisterBarathonienTest" classname="Auth.RegisterBarathonienTest" file="/var/www/html/tests/Feature/Auth/RegisterBarathonienTest.php" line="158" assertions="2" time="0.040705"/>
        <testcase name="test_barathonien_can_not_register_without_postal_code" class="Auth\RegisterBarathonienTest" classname="Auth.RegisterBarathonienTest" file="/var/www/html/tests/Feature/Auth/RegisterBarathonienTest.php" line="182" assertions="2" time="0.041704"/>
        <testcase name="test_barathonien_can_not_register_with_postal_code_not_equal_5_characters" class="Auth\RegisterBarathonienTest" classname="Auth.RegisterBarathonienTest" file="/var/www/html/tests/Feature/Auth/RegisterBarathonienTest.php" line="205" assertions="2" time="0.041203"/>
        <testcase name="test_barathonien_can_not_register_without_city" class="Auth\RegisterBarathonienTest" classname="Auth.RegisterBarathonienTest" file="/var/www/html/tests/Feature/Auth/RegisterBarathonienTest.php" line="229" assertions="2" time="0.045814"/>
      </testsuite>
      <testsuite name="Auth\RegisterOwnerTest" file="/var/www/html/tests/Feature/Auth/RegisterOwnerTest.php" tests="3" assertions="20" errors="0" warnings="0" failures="0" skipped="0" time="0.126961">
        <testcase name="test_owner_can_register" class="Auth\RegisterOwnerTest" classname="Auth.RegisterOwnerTest" file="/var/www/html/tests/Feature/Auth/RegisterOwnerTest.php" line="17" assertions="14" time="0.046249"/>
        <testcase name="test_owner_can_not_register_without_siren" class="Auth\RegisterOwnerTest" classname="Auth.RegisterOwnerTest" file="/var/www/html/tests/Feature/Auth/RegisterOwnerTest.php" line="58" assertions="3" time="0.040731"/>
        <testcase name="test_owner_can_not_register_without_kbis" class="Auth\RegisterOwnerTest" classname="Auth.RegisterOwnerTest" file="/var/www/html/tests/Feature/Auth/RegisterOwnerTest.php" line="81" assertions="3" time="0.039981"/>
      </testsuite>
      <testsuite name="Auth\RegisterTest" file="/var/www/html/tests/Feature/Auth/RegisterTest.php" tests="7" assertions="44" errors="0" warnings="0" failures="0" skipped="0" time="0.290716">
        <testcase name="test_user_can_register_without_profile" class="Auth\RegisterTest" classname="Auth.RegisterTest" file="/var/www/html/tests/Feature/Auth/RegisterTest.php" line="22" assertions="13" time="0.044704"/>
        <testcase name="test_user_can_not_register_with_same_email" class="Auth\RegisterTest" classname="Auth.RegisterTest" file="/var/www/html/tests/Feature/Auth/RegisterTest.php" line="57" assertions="16" time="0.049050"/>
        <testcase name="test_user_can_not_register_without_first_name" class="Auth\RegisterTest" classname="Auth.RegisterTest" file="/var/www/html/tests/Feature/Auth/RegisterTest.php" line="80" assertions="3" time="0.039142"/>
        <testcase name="test_user_can_not_register_without_last_name" class="Auth\RegisterTest" classname="Auth.RegisterTest" file="/var/www/html/tests/Feature/Auth/RegisterTest.php" line="100" assertions="3" time="0.038792"/>
        <testcase name="test_user_can_not_register_without_password" class="Auth\RegisterTest" classname="Auth.RegisterTest" file="/var/www/html/tests/Feature/Auth/RegisterTest.php" line="120" assertions="3" time="0.039143"/>
        <testcase name="test_user_can_not_register_without_password_confirmation" class="Auth\RegisterTest" classname="Auth.RegisterTest" file="/var/www/html/tests/Feature/Auth/RegisterTest.php" line="140" assertions="3" time="0.040630"/>
        <testcase name="test_user_can_not_register_with_password_less_8_characters" class="Auth\RegisterTest" classname="Auth.RegisterTest" file="/var/www/html/tests/Feature/Auth/RegisterTest.php" line="160" assertions="3" time="0.039256"/>
      </testsuite>
    </testsuite>
  </testsuite>
</testsuites>
